client/android/app/build/intermediates/manifest_merge_blame_file/debug/manifest-merger-blame-debug-report.txt
1<?xml version="1.0" encoding="utf-8"?>
2<manifest xmlns:android="http://schemas.android.com/apk/res/android"
3    package="com.demoreducer"
4    android:versionCode="1"
5    android:versionName="1.0" >
6
7    <uses-sdk
8        android:minSdkVersion="21"
9        android:targetSdkVersion="33" />
10
11    <uses-permission android:name="android.permission.SYSTEM_ALERT_WINDOW" />
11-->src/main/AndroidManifest.xml:12:3-75
11-->src/main/AndroidManifest.xml:12:20-73
12    <uses-permission android:name="android.permission.INTERNET" />
12-->src/main/AndroidManifest.xml:3:5-67
12-->src/main/AndroidManifest.xml:3:22-64
13    <uses-permission android:name="android.permission.READ_MEDIA_IMAGES" />
13-->src/main/AndroidManifest.xml:6:2-73
13-->src/main/AndroidManifest.xml:6:19-70
14    <uses-permission android:name="android.permission.READ_MEDIA_VIDEO" />
14-->src/main/AndroidManifest.xml:7:4-74
14-->src/main/AndroidManifest.xml:7:21-71
15    <uses-permission
15-->src/main/AndroidManifest.xml:8:5-107
16        android:name="android.permission.READ_EXTERNAL_STORAGE"
16-->src/main/AndroidManifest.xml:8:22-77
17        android:maxSdkVersion="32" />
17-->src/main/AndroidManifest.xml:8:78-104
18    <uses-permission
18-->src/main/AndroidManifest.xml:9:6-109
19        android:name="android.permission.WRITE_EXTERNAL_STORAGE"
19-->src/main/AndroidManifest.xml:9:23-79
20        android:maxSdkVersion="29" />
20-->src/main/AndroidManifest.xml:9:80-106
21    <uses-permission android:name="android.permission.CAMERA" />
21-->src/main/AndroidManifest.xml:11:3-62
21-->src/main/AndroidManifest.xml:11:20-60
22    <uses-permission android:name="android.permission.POST_NOTIFICATION" />
22-->src/main/AndroidManifest.xml:13:1-71
22-->src/main/AndroidManifest.xml:13:18-69
23    <uses-permission android:name="android.permission.SCHEDULE_EXACT_ALARM" />
23-->src/main/AndroidManifest.xml:14:1-74
23-->src/main/AndroidManifest.xml:14:18-72
24    <uses-permission android:name="android.permission.ACCESS_WIFI_STATE" />
24-->[com.facebook.flipper:flipper:0.182.0] AndroidManifest.xml:16:5-76
24-->[com.facebook.flipper:flipper:0.182.0] AndroidManifest.xml:16:22-73
25    <uses-permission android:name="android.permission.WAKE_LOCK" />
25-->[:react-native-firebase_messaging] AndroidManifest.xml:8:5-68
25-->[:react-native-firebase_messaging] AndroidManifest.xml:8:22-65
26    <uses-permission android:name="android.permission.ACCESS_NETWORK_STATE" /> <!-- See https://developer.android.com/training/package-visibility/declaring for more details. -->
26-->[:react-native-firebase_messaging] AndroidManifest.xml:9:5-79
26-->[:react-native-firebase_messaging] AndroidManifest.xml:9:22-76
27    <queries>
27-->[com.stripe:payments-core:20.34.4] AndroidManifest.xml:8:5-12:15
28
29        <!-- Added to check if Chrome is installed for browser-based payment authentication (e.g. 3DS1). -->
30        <package android:name="com.android.chrome" />
30-->[com.stripe:payments-core:20.34.4] AndroidManifest.xml:11:9-54
30-->[com.stripe:payments-core:20.34.4] AndroidManifest.xml:11:18-51
31        <!-- Added to check the default browser that will host the AuthFlow. -->
32        <intent>
32-->[com.stripe:financial-connections:20.34.4] AndroidManifest.xml:13:9-17:18
33            <action android:name="android.intent.action.VIEW" />
33-->src/main/AndroidManifest.xml:38:17-69
33-->src/main/AndroidManifest.xml:38:25-66
34
35            <data android:scheme="http" />
35-->src/main/AndroidManifest.xml:41:17-82
36        </intent> <!-- Needs to be explicitly declared on Android R+ -->
37        <package android:name="com.google.android.apps.maps" />
37-->[com.google.android.gms:play-services-maps:18.0.2] AndroidManifest.xml:33:9-64
37-->[com.google.android.gms:play-services-maps:18.0.2] AndroidManifest.xml:33:18-61
38    </queries>
39
40    <uses-permission android:name="android.permission.POST_NOTIFICATIONS" /> <!-- Required by older versions of Google Play services to create IID tokens -->
40-->[com.google.firebase:firebase-messaging:23.3.1] AndroidManifest.xml:23:5-77
40-->[com.google.firebase:firebase-messaging:23.3.1] AndroidManifest.xml:23:22-74
41    <uses-permission android:name="com.google.android.c2dm.permission.RECEIVE" />
41-->[com.google.firebase:firebase-messaging:23.3.1] AndroidManifest.xml:26:5-82
41-->[com.google.firebase:firebase-messaging:23.3.1] AndroidManifest.xml:26:22-79
42    <uses-permission android:name="com.google.android.gms.permission.AD_ID" />
42-->[com.google.android.gms:play-services-measurement-api:21.5.0] AndroidManifest.xml:25:5-79
42-->[com.google.android.gms:play-services-measurement-api:21.5.0] AndroidManifest.xml:25:22-76
43    <uses-permission android:name="android.permission.ACCESS_ADSERVICES_ATTRIBUTION" />
43-->[com.google.android.gms:play-services-measurement-api:21.5.0] AndroidManifest.xml:26:5-88
43-->[com.google.android.gms:play-services-measurement-api:21.5.0] AndroidManifest.xml:26:22-85
44    <uses-permission android:name="android.permission.ACCESS_ADSERVICES_AD_ID" />
44-->[com.google.android.gms:play-services-measurement-api:21.5.0] AndroidManifest.xml:27:5-82
44-->[com.google.android.gms:play-services-measurement-api:21.5.0] AndroidManifest.xml:27:22-79
45    <uses-permission android:name="com.google.android.finsky.permission.BIND_GET_INSTALL_REFERRER_SERVICE" />
45-->[com.google.android.gms:play-services-measurement:21.5.0] AndroidManifest.xml:26:5-110
45-->[com.google.android.gms:play-services-measurement:21.5.0] AndroidManifest.xml:26:22-107
46
47    <uses-feature
47-->[com.google.android.gms:play-services-maps:18.0.2] AndroidManifest.xml:26:5-28:35
48        android:glEsVersion="0x00020000"
48-->[com.google.android.gms:play-services-maps:18.0.2] AndroidManifest.xml:27:9-41
49        android:required="true" />
49-->[com.google.android.gms:play-services-maps:18.0.2] AndroidManifest.xml:28:9-32
50
51    <uses-permission android:name="android.permission.RECEIVE_BOOT_COMPLETED" />
51-->[androidx.work:work-runtime:2.7.1] AndroidManifest.xml:27:5-81
51-->[androidx.work:work-runtime:2.7.1] AndroidManifest.xml:27:22-78
52    <uses-permission android:name="android.permission.FOREGROUND_SERVICE" />
52-->[androidx.work:work-runtime:2.7.1] AndroidManifest.xml:28:5-77
52-->[androidx.work:work-runtime:2.7.1] AndroidManifest.xml:28:22-74
53
54    <permission
54-->[androidx.core:core:1.10.0] AndroidManifest.xml:22:5-24:47
55        android:name="com.demoreducer.DYNAMIC_RECEIVER_NOT_EXPORTED_PERMISSION"
55-->[androidx.core:core:1.10.0] AndroidManifest.xml:23:9-81
56        android:protectionLevel="signature" />
56-->[androidx.core:core:1.10.0] AndroidManifest.xml:24:9-44
57
58    <uses-permission android:name="com.demoreducer.DYNAMIC_RECEIVER_NOT_EXPORTED_PERMISSION" />
58-->[androidx.core:core:1.10.0] AndroidManifest.xml:26:5-97
58-->[androidx.core:core:1.10.0] AndroidManifest.xml:26:22-94
59    <uses-permission android:name="android.permission.VIBRATE" />
59-->[app.notifee:core:202108261754] AndroidManifest.xml:12:5-66
59-->[app.notifee:core:202108261754] AndroidManifest.xml:12:22-63
60    <uses-permission android:name="android.permission.USE_FULL_SCREEN_INTENT" />
60-->[app.notifee:core:202108261754] AndroidManifest.xml:15:5-81
60-->[app.notifee:core:202108261754] AndroidManifest.xml:15:22-78
61    <uses-permission
61-->[app.notifee:core:202108261754] AndroidManifest.xml:17:5-19:38
62        android:name="android.permission.BROADCAST_CLOSE_SYSTEM_DIALOGS"
62-->[app.notifee:core:202108261754] AndroidManifest.xml:18:9-73
63        android:maxSdkVersion="30" /> <!-- For Xiaomi devices to enable heads-up notifications as default (https://github.com/invertase/notifee/issues/296) -->
63-->[app.notifee:core:202108261754] AndroidManifest.xml:19:9-35
64    <uses-permission
64-->[app.notifee:core:202108261754] AndroidManifest.xml:21:5-23:38
65        android:name="android.permission.ACCESS_NOTIFICATION_POLICY"
65-->[app.notifee:core:202108261754] AndroidManifest.xml:22:9-69
66        android:minSdkVersion="23" />
66-->[app.notifee:core:202108261754] AndroidManifest.xml:23:9-35
67
68    <application
68-->src/main/AndroidManifest.xml:17:5-46:19
69        android:name="com.demoreducer.MainApplication"
69-->src/main/AndroidManifest.xml:18:7-38
70        android:allowBackup="false"
70-->src/main/AndroidManifest.xml:22:7-34
71        android:appComponentFactory="androidx.core.app.CoreComponentFactory"
71-->[androidx.core:core:1.10.0] AndroidManifest.xml:28:18-86
72        android:debuggable="true"
73        android:icon="@mipmap/ic_launcher"
73-->src/main/AndroidManifest.xml:20:7-41
74        android:label="@string/app_name"
74-->src/main/AndroidManifest.xml:19:7-39
75        android:roundIcon="@mipmap/ic_launcher_round"
75-->src/main/AndroidManifest.xml:21:7-52
76        android:theme="@style/AppTheme"
76-->src/main/AndroidManifest.xml:23:7-38
77        android:usesCleartextTraffic="true" >
77-->src/debug/AndroidManifest.xml:8:9-44
78        <activity
78-->src/debug/AndroidManifest.xml:11:9-111
79            android:name="com.facebook.react.devsupport.DevSettingsActivity"
79-->src/debug/AndroidManifest.xml:11:19-83
80            android:exported="false" />
80-->src/debug/AndroidManifest.xml:11:84-108
81
82        <meta-data
82-->src/debug/AndroidManifest.xml:12:11-14:28
83            android:name="com.google.android.gms.wallet.api.enabled"
83-->src/debug/AndroidManifest.xml:13:5-61
84            android:value="true" />
84-->src/debug/AndroidManifest.xml:14:5-25
85
86        <activity
86-->src/main/AndroidManifest.xml:24:7-45:18
87            android:name="com.demoreducer.MainActivity"
87-->src/main/AndroidManifest.xml:25:9-37
88            android:configChanges="keyboard|keyboardHidden|orientation|screenLayout|screenSize|smallestScreenSize|uiMode"
88-->src/main/AndroidManifest.xml:27:9-118
89            android:exported="true"
89-->src/main/AndroidManifest.xml:30:9-32
90            android:label="@string/app_name"
90-->src/main/AndroidManifest.xml:26:9-41
91            android:launchMode="singleTask"
91-->src/main/AndroidManifest.xml:28:9-40
92            android:windowSoftInputMode="adjustResize" >
92-->src/main/AndroidManifest.xml:29:9-51
93            <intent-filter>
93-->src/main/AndroidManifest.xml:31:9-34:25
94                <action android:name="android.intent.action.MAIN" />
94-->src/main/AndroidManifest.xml:32:13-65
94-->src/main/AndroidManifest.xml:32:21-62
95
96                <category android:name="android.intent.category.LAUNCHER" />
96-->src/main/AndroidManifest.xml:33:13-73
96-->src/main/AndroidManifest.xml:33:23-70
97            </intent-filter>
98            <!-- for deeplinking -->
99
100            <intent-filter android:autoVerify="true" >
100-->src/main/AndroidManifest.xml:37:5-44:30
100-->src/main/AndroidManifest.xml:37:20-45
101                <action android:name="android.intent.action.VIEW" />
101-->src/main/AndroidManifest.xml:38:17-69
101-->src/main/AndroidManifest.xml:38:25-66
102
103                <category android:name="android.intent.category.DEFAULT" />
103-->src/main/AndroidManifest.xml:39:17-76
103-->src/main/AndroidManifest.xml:39:27-73
104                <category android:name="android.intent.category.BROWSABLE" />
104-->src/main/AndroidManifest.xml:40:17-78
104-->src/main/AndroidManifest.xml:40:27-75
105
106                <data
106-->src/main/AndroidManifest.xml:41:17-82
107                    android:host="artest.recipes.com"
107-->src/main/AndroidManifest.xml:41:23-56
108                    android:pathPrefix="/" />
108-->src/main/AndroidManifest.xml:41:57-79
109 —-
110                <data android:host="artest.recipes.com" />
110-->src/main/AndroidManifest.xml:41:17-82
110-->src/main/AndroidManifest.xml:41:23-56
111                <data android:scheme="https" />
111-->src/main/AndroidManifest.xml:41:17-82
112            </intent-filter>
113        </activity>
114
115        <provider
115-->[:notifee_react-native] AndroidManifest.xml:8:9-12:40
116            android:name="io.invertase.notifee.NotifeeInitProvider"
116-->[:notifee_react-native] AndroidManifest.xml:9:13-68
117            android:authorities="com.demoreducer.notifee-init-provider"
117-->[:notifee_react-native] AndroidManifest.xml:10:13-73
118            android:exported="false"
118-->[:notifee_react-native] AndroidManifest.xml:11:13-37
119            android:initOrder="-100" />
119-->[:notifee_react-native] AndroidManifest.xml:12:13-37
120
121        <service
121-->[:react-native-firebase_messaging] AndroidManifest.xml:12:9-14:40
122            android:name="io.invertase.firebase.messaging.ReactNativeFirebaseMessagingHeadlessService"
122-->[:react-native-firebase_messaging] AndroidManifest.xml:13:13-103
123            android:exported="false" />
123-->[:react-native-firebase_messaging] AndroidManifest.xml:14:13-37
124        <service
124-->[:react-native-firebase_messaging] AndroidManifest.xml:15:9-21:19
125            android:name="io.invertase.firebase.messaging.ReactNativeFirebaseMessagingService"
125-->[:react-native-firebase_messaging] AndroidManifest.xml:16:13-95
126            android:exported="false" >
126-->[:react-native-firebase_messaging] AndroidManifest.xml:17:13-37
127            <intent-filter>
127-->[:react-native-firebase_messaging] AndroidManifest.xml:18:13-20:29
128                <action android:name="com.google.firebase.MESSAGING_EVENT" />
128-->[:react-native-firebase_messaging] AndroidManifest.xml:19:17-78
128-->[:react-native-firebase_messaging] AndroidManifest.xml:19:25-75
129            </intent-filter>
130        </service>
131
132        <receiver
132-->[:react-native-firebase_messaging] AndroidManifest.xml:23:9-30:20
133            android:name="io.invertase.firebase.messaging.ReactNativeFirebaseMessagingReceiver"
133-->[:react-native-firebase_messaging] AndroidManifest.xml:24:13-96
134            android:exported="true"
134-->[:react-native-firebase_messaging] AndroidManifest.xml:25:13-36
135            android:permission="com.google.android.c2dm.permission.SEND" >
135-->[:react-native-firebase_messaging] AndroidManifest.xml:26:13-73
136            <intent-filter>
136-->[:react-native-firebase_messaging] AndroidManifest.xml:27:13-29:29
137                <action android:name="com.google.android.c2dm.intent.RECEIVE" />
137-->[:react-native-firebase_messaging] AndroidManifest.xml:28:17-81
137-->[:react-native-firebase_messaging] AndroidManifest.xml:28:25-78
138            </intent-filter>
139        </receiver>
140
141        <meta-data
141-->[:react-native-firebase_messaging] AndroidManifest.xml:32:9-34:36
142            android:name="firebase_messaging_auto_init_enabled"
142-->[:react-native-firebase_messaging] AndroidManifest.xml:33:13-64
143            android:value="true" />
143-->[:react-native-firebase_messaging] AndroidManifest.xml:34:13-33
144        <meta-data
144-->[:react-native-firebase_messaging] AndroidManifest.xml:35:9-37:32
145            android:name="com.google.firebase.messaging.default_notification_channel_id"
145-->[:react-native-firebase_messaging] AndroidManifest.xml:36:13-89
146            android:value="" />
146-->[:react-native-firebase_messaging] AndroidManifest.xml:37:13-29
147        <meta-data
147-->[:react-native-firebase_messaging] AndroidManifest.xml:38:9-40:47
148            android:name="com.google.firebase.messaging.default_notification_color"
148-->[:react-native-firebase_messaging] AndroidManifest.xml:39:13-84
149            android:resource="@color/white" />
149-->[:react-native-firebase_messaging] AndroidManifest.xml:40:13-44
150        <meta-data
150-->[:react-native-firebase_app] AndroidManifest.xml:9:9-11:36
151            android:name="app_data_collection_default_enabled"
151-->[:react-native-firebase_app] AndroidManifest.xml:10:13-63
152            android:value="true" />
152-->[:react-native-firebase_app] AndroidManifest.xml:11:13-33
153
154        <service
154-->[:react-native-firebase_app] AndroidManifest.xml:13:9-21:19
155            android:name="com.google.firebase.components.ComponentDiscoveryService"
155-->[:react-native-firebase_app] AndroidManifest.xml:14:13-84
156            android:directBootAware="true"
156-->[:react-native-firebase_app] AndroidManifest.xml:15:13-43
157            android:exported="false" >
157-->[:react-native-firebase_app] AndroidManifest.xml:16:13-37
158            <meta-data
158-->[:react-native-firebase_app] AndroidManifest.xml:18:13-20:85
159                android:name="com.google.firebase.components:io.invertase.firebase.app.ReactNativeFirebaseAppRegistrar"
159-->[:react-native-firebase_app] AndroidManifest.xml:19:17-120
160                android:value="com.google.firebase.components.ComponentRegistrar" />
160-->[:react-native-firebase_app] AndroidManifest.xml:20:17-82
161            <meta-data
161-->[com.google.firebase:firebase-messaging:23.3.1] AndroidManifest.xml:57:13-59:85
162                android:name="com.google.firebase.components:com.google.firebase.messaging.FirebaseMessagingKtxRegistrar"
162-->[com.google.firebase:firebase-messaging:23.3.1] AndroidManifest.xml:58:17-122
163                android:value="com.google.firebase.components.ComponentRegistrar" />
163-->[com.google.firebase:firebase-messaging:23.3.1] AndroidManifest.xml:59:17-82
164            <meta-data
164-->[com.google.firebase:firebase-messaging:23.3.1] AndroidManifest.xml:60:13-62:85
165                android:name="com.google.firebase.components:com.google.firebase.messaging.FirebaseMessagingRegistrar"
165-->[com.google.firebase:firebase-messaging:23.3.1] AndroidManifest.xml:61:17-119
166                android:value="com.google.firebase.components.ComponentRegistrar" />
166-->[com.google.firebase:firebase-messaging:23.3.1] AndroidManifest.xml:62:17-82
167            <meta-data
167-->[com.google.firebase:firebase-datatransport:18.1.7] AndroidManifest.xml:27:13-29:85
168                android:name="com.google.firebase.components:com.google.firebase.datatransport.TransportRegistrar"
168-->[com.google.firebase:firebase-datatransport:18.1.7] AndroidManifest.xml:28:17-115
169                android:value="com.google.firebase.components.ComponentRegistrar" />
169-->[com.google.firebase:firebase-datatransport:18.1.7] AndroidManifest.xml:29:17-82
170            <meta-data
170-->[com.google.android.gms:play-services-measurement-api:21.5.0] AndroidManifest.xml:37:13-39:85
171                android:name="com.google.firebase.components:com.google.firebase.analytics.connector.internal.AnalyticsConnectorRegistrar"
171-->[com.google.android.gms:play-services-measurement-api:21.5.0] AndroidManifest.xml:38:17-139
172                android:value="com.google.firebase.components.ComponentRegistrar" />
172-->[com.google.android.gms:play-services-measurement-api:21.5.0] AndroidManifest.xml:39:17-82
173            <meta-data
173-->[com.google.firebase:firebase-installations:17.2.0] AndroidManifest.xml:15:13-17:85
174                android:name="com.google.firebase.components:com.google.firebase.installations.FirebaseInstallationsKtxRegistrar"
174-->[com.google.firebase:firebase-installations:17.2.0] AndroidManifest.xml:16:17-130
175                android:value="com.google.firebase.components.ComponentRegistrar" />
175-->[com.google.firebase:firebase-installations:17.2.0] AndroidManifest.xml:17:17-82
176            <meta-data
176-->[com.google.firebase:firebase-installations:17.2.0] AndroidManifest.xml:18:13-20:85
177                android:name="com.google.firebase.components:com.google.firebase.installations.FirebaseInstallationsRegistrar"
177-->[com.google.firebase:firebase-installations:17.2.0] AndroidManifest.xml:19:17-127
178                android:value="com.google.firebase.components.ComponentRegistrar" />
178-->[com.google.firebase:firebase-installations:17.2.0] AndroidManifest.xml:20:17-82
179            <meta-data
179-->[com.google.firebase:firebase-common-ktx:20.4.2] AndroidManifest.xml:12:13-14:85
180                android:name="com.google.firebase.components:com.google.firebase.ktx.FirebaseCommonLegacyRegistrar"
180-->[com.google.firebase:firebase-common-ktx:20.4.2] AndroidManifest.xml:13:17-116
181                android:value="com.google.firebase.components.ComponentRegistrar" />
181-->[com.google.firebase:firebase-common-ktx:20.4.2] AndroidManifest.xml:14:17-82
182            <meta-data
182-->[com.google.firebase:firebase-common:20.4.2] AndroidManifest.xml:35:13-37:85
183                android:name="com.google.firebase.components:com.google.firebase.FirebaseCommonKtxRegistrar"
183-->[com.google.firebase:firebase-common:20.4.2] AndroidManifest.xml:36:17-109
184                android:value="com.google.firebase.components.ComponentRegistrar" />
184-->[com.google.firebase:firebase-common:20.4.2] AndroidManifest.xml:37:17-82
185        </service>
186
187        <provider
187-->[:react-native-firebase_app] AndroidManifest.xml:23:9-27:38
188            android:name="io.invertase.firebase.app.ReactNativeFirebaseAppInitProvider"
188-->[:react-native-firebase_app] AndroidManifest.xml:24:13-88
189            android:authorities="com.demoreducer.reactnativefirebaseappinitprovider"
189-->[:react-native-firebase_app] AndroidManifest.xml:25:13-86
190            android:exported="false"
190-->[:react-native-firebase_app] AndroidManifest.xml:26:13-37
191            android:initOrder="99" />
191-->[:react-native-firebase_app] AndroidManifest.xml:27:13-35
192        <provider
192-->[:react-native-image-picker] AndroidManifest.xml:8:9-16:20
193            android:name="com.imagepicker.ImagePickerProvider"
193-->[:react-native-image-picker] AndroidManifest.xml:9:13-63
194            android:authorities="com.demoreducer.imagepickerprovider"
194-->[:react-native-image-picker] AndroidManifest.xml:10:13-71
195            android:exported="false"
195-->[:react-native-image-picker] AndroidManifest.xml:11:13-37
196            android:grantUriPermissions="true" >
196-->[:react-native-image-picker] AndroidManifest.xml:12:13-47
197            <meta-data
197-->[:react-native-image-picker] AndroidManifest.xml:13:13-15:70
198                android:name="android.support.FILE_PROVIDER_PATHS"
198-->[:react-native-image-picker] AndroidManifest.xml:14:17-67
199                android:resource="@xml/imagepicker_provider_paths" />
199-->[:react-native-image-picker] AndroidManifest.xml:15:17-67
200        </provider>
201        <provider
201-->[:react-native-share] AndroidManifest.xml:8:9-16:20
202            android:name="cl.json.RNShareFileProvider"
202-->[:react-native-share] AndroidManifest.xml:9:13-55
203            android:authorities="com.demoreducer.rnshare.fileprovider"
203-->[:react-native-share] AndroidManifest.xml:10:13-72
204            android:exported="false"
204-->[:react-native-share] AndroidManifest.xml:11:13-37
205            android:grantUriPermissions="true" >
205-->[:react-native-share] AndroidManifest.xml:12:13-47
206            <meta-data
206-->[:react-native-image-picker] AndroidManifest.xml:13:13-15:70
207                android:name="android.support.FILE_PROVIDER_PATHS"
207-->[:react-native-image-picker] AndroidManifest.xml:14:17-67
208                android:resource="@xml/share_download_paths" />
208-->[:react-native-image-picker] AndroidManifest.xml:15:17-67
209        </provider>
210        <provider
210-->[:react-native-webview] AndroidManifest.xml:8:9-16:20
211            android:name="com.reactnativecommunity.webview.RNCWebViewFileProvider"
211-->[:react-native-webview] AndroidManifest.xml:9:13-83
212            android:authorities="com.demoreducer.fileprovider"
212-->[:react-native-webview] AndroidManifest.xml:10:13-64
213            android:exported="false"
213-->[:react-native-webview] AndroidManifest.xml:11:13-37
214            android:grantUriPermissions="true" >
214-->[:react-native-webview] AndroidManifest.xml:12:13-47
215            <meta-data
215-->[:react-native-image-picker] AndroidManifest.xml:13:13-15:70
216                android:name="android.support.FILE_PROVIDER_PATHS"
216-->[:react-native-image-picker] AndroidManifest.xml:14:17-67
217                android:resource="@xml/file_provider_paths" />
217-->[:react-native-image-picker] AndroidManifest.xml:15:17-67
218        </provider>
219
220        <activity
220-->[com.stripe:paymentsheet:20.34.4] AndroidManifest.xml:8:9-12:58
221            android:name="com.stripe.android.paymentsheet.PaymentSheetActivity"
221-->[com.stripe:paymentsheet:20.34.4] AndroidManifest.xml:9:13-80
222            android:exported="false"
222-->[com.stripe:paymentsheet:20.34.4] AndroidManifest.xml:10:13-37
223            android:theme="@style/StripePaymentSheetDefaultTheme"
223-->[com.stripe:paymentsheet:20.34.4] AndroidManifest.xml:11:13-66
224            android:windowSoftInputMode="adjustResize" />
224-->[com.stripe:paymentsheet:20.34.4] AndroidManifest.xml:12:13-55
225        <activity
225-->[com.stripe:paymentsheet:20.34.4] AndroidManifest.xml:13:9-17:58
226            android:name="com.stripe.android.paymentsheet.PaymentOptionsActivity"
226-->[com.stripe:paymentsheet:20.34.4] AndroidManifest.xml:14:13-82
227            android:exported="false"
227-->[com.stripe:paymentsheet:20.34.4] AndroidManifest.xml:15:13-37
228            android:theme="@style/StripePaymentSheetDefaultTheme"
228-->[com.stripe:paymentsheet:20.34.4] AndroidManifest.xml:16:13-66
229            android:windowSoftInputMode="adjustResize" />
229-->[com.stripe:paymentsheet:20.34.4] AndroidManifest.xml:17:13-55
230        <activity
230-->[com.stripe:paymentsheet:20.34.4] AndroidManifest.xml:18:9-22:58
231            android:name="com.stripe.android.customersheet.CustomerSheetActivity"
231-->[com.stripe:paymentsheet:20.34.4] AndroidManifest.xml:19:13-82
232            android:exported="false"
232-->[com.stripe:paymentsheet:20.34.4] AndroidManifest.xml:20:13-37
233            android:theme="@style/StripePaymentSheetDefaultTheme"
233-->[com.stripe:paymentsheet:20.34.4] AndroidManifest.xml:21:13-66
234            android:windowSoftInputMode="adjustResize" />
234-->[com.stripe:paymentsheet:20.34.4] AndroidManifest.xml:22:13-55
235        <activity
235-->[com.stripe:paymentsheet:20.34.4] AndroidManifest.xml:23:9-26:69
236            android:name="com.stripe.android.paymentsheet.addresselement.AddressElementActivity"
236-->[com.stripe:paymentsheet:20.34.4] AndroidManifest.xml:24:13-97
237            android:exported="false"
237-->[com.stripe:paymentsheet:20.34.4] AndroidManifest.xml:25:13-37
238            android:theme="@style/StripePaymentSheetDefaultTheme" />
238-->[com.stripe:paymentsheet:20.34.4] AndroidManifest.xml:26:13-66
239        <activity
239-->[com.stripe:paymentsheet:20.34.4] AndroidManifest.xml:27:9-30:69
240            android:name="com.stripe.android.paymentsheet.paymentdatacollection.bacs.BacsMandateConfirmationActivity"
240-->[com.stripe:paymentsheet:20.34.4] AndroidManifest.xml:28:13-118
241            android:exported="false"
241-->[com.stripe:paymentsheet:20.34.4] AndroidManifest.xml:29:13-37
242            android:theme="@style/StripePaymentSheetDefaultTheme" />
242-->[com.stripe:paymentsheet:20.34.4] AndroidManifest.xml:30:13-66
243        <activity
243-->[com.stripe:paymentsheet:20.34.4] AndroidManifest.xml:31:9-34:69
244            android:name="com.stripe.android.paymentsheet.paymentdatacollection.polling.PollingActivity"
244-->[com.stripe:paymentsheet:20.34.4] AndroidManifest.xml:32:13-105
245            android:exported="false"
245-->[com.stripe:paymentsheet:20.34.4] AndroidManifest.xml:33:13-37
246            android:theme="@style/StripePaymentSheetDefaultTheme" />
246-->[com.stripe:paymentsheet:20.34.4] AndroidManifest.xml:34:13-66
247        <activity
247-->[com.stripe:paymentsheet:20.34.4] AndroidManifest.xml:35:9-38:69
248            android:name="com.stripe.android.paymentsheet.ui.SepaMandateActivity"
248-->[com.stripe:paymentsheet:20.34.4] AndroidManifest.xml:36:13-82
249            android:exported="false"
249-->[com.stripe:paymentsheet:20.34.4] AndroidManifest.xml:37:13-37
250            android:theme="@style/StripePaymentSheetDefaultTheme" />
250-->[com.stripe:paymentsheet:20.34.4] AndroidManifest.xml:38:13-66
251        <activity
251-->[com.stripe:link:20.34.4] AndroidManifest.xml:8:9-13:61
252            android:name="com.stripe.android.link.LinkForegroundActivity"
252-->[com.stripe:link:20.34.4] AndroidManifest.xml:9:13-74
253            android:autoRemoveFromRecents="true"
253-->[com.stripe:link:20.34.4] AndroidManifest.xml:10:13-49
254            android:configChanges="orientation|keyboard|keyboardHidden|screenLayout|screenSize|smallestScreenSize"
254-->[com.stripe:link:20.34.4] AndroidManifest.xml:11:13-115
255            android:launchMode="singleTop"
255-->[com.stripe:link:20.34.4] AndroidManifest.xml:12:13-43
256            android:theme="@style/StripeTransparentTheme" />
256-->[com.stripe:link:20.34.4] AndroidManifest.xml:13:13-58
257        <activity
257-->[com.stripe:link:20.34.4] AndroidManifest.xml:14:9-31:20
258            android:name="com.stripe.android.link.LinkRedirectHandlerActivity"
258-->[com.stripe:link:20.34.4] AndroidManifest.xml:15:13-79
259            android:autoRemoveFromRecents="true"
259-->[com.stripe:link:20.34.4] AndroidManifest.xml:16:13-49
260            android:exported="true"
260-->[com.stripe:link:20.34.4] AndroidManifest.xml:17:13-36
261            android:launchMode="singleInstance"
261-->[com.stripe:link:20.34.4] AndroidManifest.xml:18:13-48
262            android:theme="@style/StripeTransparentTheme" >
262-->[com.stripe:link:20.34.4] AndroidManifest.xml:19:13-58
263            <intent-filter>
263-->[com.stripe:link:20.34.4] AndroidManifest.xml:20:13-30:29
264                <action android:name="android.intent.action.VIEW" />
264-->src/main/AndroidManifest.xml:38:17-69
264-->src/main/AndroidManifest.xml:38:25-66
265
266                <category android:name="android.intent.category.DEFAULT" />
266-->src/main/AndroidManifest.xml:39:17-76
266-->src/main/AndroidManifest.xml:39:27-73